<html>
<head>
<title>TestNG:  Test</title>
<link href="../testng.css" rel="stylesheet" type="text/css" />
<link href="../my-testng.css" rel="stylesheet" type="text/css" />

<style type="text/css">
.log { display: none;} 
.stack-trace { display: none;} 
</style>
<script type="text/javascript">
<!--
function flip(e) {
  current = e.style.display;
  if (current == 'block') {
    e.style.display = 'none';
    return 0;
  }
  else {
    e.style.display = 'block';
    return 1;
  }
}

function toggleBox(szDivId, elem, msg1, msg2)
{
  var res = -1;  if (document.getElementById) {
    res = flip(document.getElementById(szDivId));
  }
  else if (document.all) {
    // this is the way old msie versions work
    res = flip(document.all[szDivId]);
  }
  if(elem) {
    if(res == 0) elem.innerHTML = msg1; else elem.innerHTML = msg2;
  }

}

function toggleAllBoxes() {
  if (document.getElementsByTagName) {
    d = document.getElementsByTagName('div');
    for (i = 0; i < d.length; i++) {
      if (d[i].className == 'log') {
        flip(d[i]);
      }
    }
  }
}

// -->
</script>

</head>
<body>
<h2 align='center'>Test</h2><table border='1' align="center">
<tr>
<td>Tests passed/Failed/Skipped:</td><td>1/13/0</td>
</tr><tr>
<td>Started on:</td><td>Fri Oct 25 16:02:56 IST 2024</td>
</tr>
<tr><td>Total time:</td><td>248 seconds (248420 ms)</td>
</tr><tr>
<td>Included groups:</td><td></td>
</tr><tr>
<td>Excluded groups:</td><td></td>
</tr>
</table><p/>
<small><i>(Hover the method name to see the test class name)</i></small><p/>
<table width='100%' border='1' class='invocation-failed'>
<tr><td colspan='4' align='center'><b>FAILED TESTS</b></td></tr>
<tr><td><b>Test method</b></td>
<td><b>Attribute(s)</b></td>
<td width="30%"><b>Exception</b></td>
<td width="10%"><b>Time (seconds)</b></td>
<td><b>Instance</b></td>
</tr>
<tr>
<td title='FinalCalls.ResouceCreationAllInOneCall.HomeAndCreateNew()'><b>HomeAndCreateNew</b><br>Test class: FinalCalls.ResouceCreationAllInOneCall<br>Parameters: MySQL DB, Testing_Linux_New_Storage, Mysuru, India, Asset_Approval, Storage_Linux_Sep17 - 780GB, Ubuntu 22.04 LTS (CLI) - MySQL, 200, horizontal, custom, VCPUS 8 cores, RAM 8 GiB , Disk 50 Gib , 40, 80, 10, 8, 30, no, yes, 6, yes, Weekly, 2 weeks, no, SIEM_TEST_server4 - 10.150.44.190, 10.150.44.0 - null, yes, lead2=admin,lead3=user,Pradeep=user,karthik=admin,lead1=user,test1=admin,lead1=user, 1, TestAT</td>
<td><div><pre>org.apache.commons.math3.exception.MaxCountExceededException: illegal state: maximal count (3) exceeded
	at resourceManagementPageObjects.CreateNewPageObjects.SetMaxGroupCount(CreateNewPageObjects.java:631)
	at resourceManagement.CreateNewPage.CreateNewPageActions(CreateNewPage.java:32)
	at FinalCalls.ResouceCreationAllInOneCall.HomeAndCreateNew(ResouceCreationAllInOneCall.java:61)
	at java.base/java.util.ArrayList.forEach(ArrayList.java:1511)
... Removed 31 stack frames</pre></div><a href='#' onClick='toggleBox("stack-trace883782927", this, "Click to show all stack frames", "Click to hide stack frames")'>Click to show all stack frames</a>
<div class='stack-trace' id='stack-trace883782927'><pre>org.apache.commons.math3.exception.MaxCountExceededException: illegal state: maximal count (3) exceeded
	at resourceManagementPageObjects.CreateNewPageObjects.SetMaxGroupCount(CreateNewPageObjects.java:631)
	at resourceManagement.CreateNewPage.CreateNewPageActions(CreateNewPage.java:32)
	at FinalCalls.ResouceCreationAllInOneCall.HomeAndCreateNew(ResouceCreationAllInOneCall.java:61)
	at java.base/jdk.internal.reflect.NativeMethodAccessorImpl.invoke0(Native Method)
	at java.base/jdk.internal.reflect.NativeMethodAccessorImpl.invoke(NativeMethodAccessorImpl.java:77)
	at java.base/jdk.internal.reflect.DelegatingMethodAccessorImpl.invoke(DelegatingMethodAccessorImpl.java:43)
	at java.base/java.lang.reflect.Method.invoke(Method.java:569)
	at org.testng.internal.invokers.MethodInvocationHelper.invokeMethod(MethodInvocationHelper.java:141)
	at org.testng.internal.invokers.TestInvoker.invokeMethod(TestInvoker.java:686)
	at org.testng.internal.invokers.TestInvoker.invokeTestMethod(TestInvoker.java:230)
	at org.testng.internal.invokers.MethodRunner.runInSequence(MethodRunner.java:63)
	at org.testng.internal.invokers.TestInvoker$MethodInvocationAgent.invoke(TestInvoker.java:992)
	at org.testng.internal.invokers.TestInvoker.invokeTestMethods(TestInvoker.java:203)
	at org.testng.internal.invokers.TestMethodWorker.invokeTestMethods(TestMethodWorker.java:154)
	at org.testng.internal.invokers.TestMethodWorker.run(TestMethodWorker.java:134)
	at java.base/java.util.ArrayList.forEach(ArrayList.java:1511)
	at org.testng.TestRunner.privateRun(TestRunner.java:739)
	at org.testng.TestRunner.run(TestRunner.java:614)
	at org.testng.SuiteRunner.runTest(SuiteRunner.java:421)
	at org.testng.SuiteRunner.runSequentially(SuiteRunner.java:413)
	at org.testng.SuiteRunner.privateRun(SuiteRunner.java:373)
	at org.testng.SuiteRunner.run(SuiteRunner.java:312)
	at org.testng.SuiteRunnerWorker.runSuite(SuiteRunnerWorker.java:52)
	at org.testng.SuiteRunnerWorker.run(SuiteRunnerWorker.java:95)
	at org.testng.TestNG.runSuitesSequentially(TestNG.java:1274)
	at org.testng.TestNG.runSuitesLocally(TestNG.java:1208)
	at org.testng.TestNG.runSuites(TestNG.java:1112)
	at org.testng.TestNG.run(TestNG.java:1079)
	at org.apache.maven.surefire.testng.TestNGExecutor.run(TestNGExecutor.java:308)
	at org.apache.maven.surefire.testng.TestNGXmlTestSuite.execute(TestNGXmlTestSuite.java:71)
	at org.apache.maven.surefire.testng.TestNGProvider.invoke(TestNGProvider.java:113)
	at org.apache.maven.surefire.booter.ForkedBooter.runSuitesInProcess(ForkedBooter.java:385)
	at org.apache.maven.surefire.booter.ForkedBooter.execute(ForkedBooter.java:162)
	at org.apache.maven.surefire.booter.ForkedBooter.run(ForkedBooter.java:507)
	at org.apache.maven.surefire.booter.ForkedBooter.main(ForkedBooter.java:495)
</pre></div></td>
<td>14</td>
<td>FinalCalls.ResouceCreationAllInOneCall@4466af20</td></tr>
<tr>
<td title='FinalCalls.ResouceCreationAllInOneCall.HomeAndCreateNew()'><b>HomeAndCreateNew</b><br>Test class: FinalCalls.ResouceCreationAllInOneCall<br>Parameters: Load Balancer, October_14_STorage_Linux, Mysuru, India, AT_Testing, Storage_Linux_Sep17 - 780GB, Ubuntu 22.04 LTS (CLI) - HA Proxy, 200, vertical, custom, VCPUS 8 cores, RAM 8 GiB , Disk 50 Gib , 40, 60, 4-6, 6-8, 50, no, no, 7, no, Monthly, 12 months, yes, SIEM_TEST_server4 - 10.150.44.190, 10.150.37.0 - karthik, yes, lead2=admin,lead3=user,Pradeep=user,karthik=admin,lead1=user,lead1=user,test1=admin, 5, TestAT,TestAT2</td>
<td><div><pre>java.lang.Error: Note: This VLAN is fully utilized. Select a different VLAN or contact Admin for additional VLAN requirement.
	at resourceManagementPageObjects.CreateNewPageObjects.SelectVlan(CreateNewPageObjects.java:689)
	at resourceManagement.CreateNewPage.CreateNewPageActions(CreateNewPage.java:51)
	at FinalCalls.ResouceCreationAllInOneCall.HomeAndCreateNew(ResouceCreationAllInOneCall.java:61)
	at java.base/java.util.ArrayList.forEach(ArrayList.java:1511)
... Removed 31 stack frames</pre></div><a href='#' onClick='toggleBox("stack-trace1744677371", this, "Click to show all stack frames", "Click to hide stack frames")'>Click to show all stack frames</a>
<div class='stack-trace' id='stack-trace1744677371'><pre>java.lang.Error: Note: This VLAN is fully utilized. Select a different VLAN or contact Admin for additional VLAN requirement.
	at resourceManagementPageObjects.CreateNewPageObjects.SelectVlan(CreateNewPageObjects.java:689)
	at resourceManagement.CreateNewPage.CreateNewPageActions(CreateNewPage.java:51)
	at FinalCalls.ResouceCreationAllInOneCall.HomeAndCreateNew(ResouceCreationAllInOneCall.java:61)
	at java.base/jdk.internal.reflect.NativeMethodAccessorImpl.invoke0(Native Method)
	at java.base/jdk.internal.reflect.NativeMethodAccessorImpl.invoke(NativeMethodAccessorImpl.java:77)
	at java.base/jdk.internal.reflect.DelegatingMethodAccessorImpl.invoke(DelegatingMethodAccessorImpl.java:43)
	at java.base/java.lang.reflect.Method.invoke(Method.java:569)
	at org.testng.internal.invokers.MethodInvocationHelper.invokeMethod(MethodInvocationHelper.java:141)
	at org.testng.internal.invokers.TestInvoker.invokeMethod(TestInvoker.java:686)
	at org.testng.internal.invokers.TestInvoker.invokeTestMethod(TestInvoker.java:230)
	at org.testng.internal.invokers.MethodRunner.runInSequence(MethodRunner.java:63)
	at org.testng.internal.invokers.TestInvoker$MethodInvocationAgent.invoke(TestInvoker.java:992)
	at org.testng.internal.invokers.TestInvoker.invokeTestMethods(TestInvoker.java:203)
	at org.testng.internal.invokers.TestMethodWorker.invokeTestMethods(TestMethodWorker.java:154)
	at org.testng.internal.invokers.TestMethodWorker.run(TestMethodWorker.java:134)
	at java.base/java.util.ArrayList.forEach(ArrayList.java:1511)
	at org.testng.TestRunner.privateRun(TestRunner.java:739)
	at org.testng.TestRunner.run(TestRunner.java:614)
	at org.testng.SuiteRunner.runTest(SuiteRunner.java:421)
	at org.testng.SuiteRunner.runSequentially(SuiteRunner.java:413)
	at org.testng.SuiteRunner.privateRun(SuiteRunner.java:373)
	at org.testng.SuiteRunner.run(SuiteRunner.java:312)
	at org.testng.SuiteRunnerWorker.runSuite(SuiteRunnerWorker.java:52)
	at org.testng.SuiteRunnerWorker.run(SuiteRunnerWorker.java:95)
	at org.testng.TestNG.runSuitesSequentially(TestNG.java:1274)
	at org.testng.TestNG.runSuitesLocally(TestNG.java:1208)
	at org.testng.TestNG.runSuites(TestNG.java:1112)
	at org.testng.TestNG.run(TestNG.java:1079)
	at org.apache.maven.surefire.testng.TestNGExecutor.run(TestNGExecutor.java:308)
	at org.apache.maven.surefire.testng.TestNGXmlTestSuite.execute(TestNGXmlTestSuite.java:71)
	at org.apache.maven.surefire.testng.TestNGProvider.invoke(TestNGProvider.java:113)
	at org.apache.maven.surefire.booter.ForkedBooter.runSuitesInProcess(ForkedBooter.java:385)
	at org.apache.maven.surefire.booter.ForkedBooter.execute(ForkedBooter.java:162)
	at org.apache.maven.surefire.booter.ForkedBooter.run(ForkedBooter.java:507)
	at org.apache.maven.surefire.booter.ForkedBooter.main(ForkedBooter.java:495)
</pre></div></td>
<td>18</td>
<td>FinalCalls.ResouceCreationAllInOneCall@4466af20</td></tr>
<tr>
<td title='FinalCalls.ResouceCreationAllInOneCall.HomeAndCreateNew()'><b>HomeAndCreateNew</b><br>Test class: FinalCalls.ResouceCreationAllInOneCall<br>Parameters: Windows Server, Storage_Windows_Sep17, Mysuru, India, AT_Testing, Storage_Linux_Sep17 - 780GB, Test_Master_Copy_MC, 200, vertical, custom, VCPUS 8 cores, RAM 8 GiB , Disk 50 Gib , 40, 60, 2-6, 2-6, 60, no, no, 2, yes, Daily, 3 days, no, SIEM_TEST_server4 - 10.150.44.190, 10.150.44.0 - null, no, lead2=admin,lead3=user,Pradeep=user, 2, test10,test</td>
<td><div><pre>java.lang.Error: Note: This VLAN is fully utilized. Select a different VLAN or contact Admin for additional VLAN requirement.
	at resourceManagementPageObjects.CreateNewPageObjects.SelectVlan(CreateNewPageObjects.java:689)
	at resourceManagement.CreateNewPage.CreateNewPageActions(CreateNewPage.java:51)
	at FinalCalls.ResouceCreationAllInOneCall.HomeAndCreateNew(ResouceCreationAllInOneCall.java:61)
	at java.base/java.util.ArrayList.forEach(ArrayList.java:1511)
... Removed 31 stack frames</pre></div><a href='#' onClick='toggleBox("stack-trace1567857145", this, "Click to show all stack frames", "Click to hide stack frames")'>Click to show all stack frames</a>
<div class='stack-trace' id='stack-trace1567857145'><pre>java.lang.Error: Note: This VLAN is fully utilized. Select a different VLAN or contact Admin for additional VLAN requirement.
	at resourceManagementPageObjects.CreateNewPageObjects.SelectVlan(CreateNewPageObjects.java:689)
	at resourceManagement.CreateNewPage.CreateNewPageActions(CreateNewPage.java:51)
	at FinalCalls.ResouceCreationAllInOneCall.HomeAndCreateNew(ResouceCreationAllInOneCall.java:61)
	at java.base/jdk.internal.reflect.NativeMethodAccessorImpl.invoke0(Native Method)
	at java.base/jdk.internal.reflect.NativeMethodAccessorImpl.invoke(NativeMethodAccessorImpl.java:77)
	at java.base/jdk.internal.reflect.DelegatingMethodAccessorImpl.invoke(DelegatingMethodAccessorImpl.java:43)
	at java.base/java.lang.reflect.Method.invoke(Method.java:569)
	at org.testng.internal.invokers.MethodInvocationHelper.invokeMethod(MethodInvocationHelper.java:141)
	at org.testng.internal.invokers.TestInvoker.invokeMethod(TestInvoker.java:686)
	at org.testng.internal.invokers.TestInvoker.invokeTestMethod(TestInvoker.java:230)
	at org.testng.internal.invokers.MethodRunner.runInSequence(MethodRunner.java:63)
	at org.testng.internal.invokers.TestInvoker$MethodInvocationAgent.invoke(TestInvoker.java:992)
	at org.testng.internal.invokers.TestInvoker.invokeTestMethods(TestInvoker.java:203)
	at org.testng.internal.invokers.TestMethodWorker.invokeTestMethods(TestMethodWorker.java:154)
	at org.testng.internal.invokers.TestMethodWorker.run(TestMethodWorker.java:134)
	at java.base/java.util.ArrayList.forEach(ArrayList.java:1511)
	at org.testng.TestRunner.privateRun(TestRunner.java:739)
	at org.testng.TestRunner.run(TestRunner.java:614)
	at org.testng.SuiteRunner.runTest(SuiteRunner.java:421)
	at org.testng.SuiteRunner.runSequentially(SuiteRunner.java:413)
	at org.testng.SuiteRunner.privateRun(SuiteRunner.java:373)
	at org.testng.SuiteRunner.run(SuiteRunner.java:312)
	at org.testng.SuiteRunnerWorker.runSuite(SuiteRunnerWorker.java:52)
	at org.testng.SuiteRunnerWorker.run(SuiteRunnerWorker.java:95)
	at org.testng.TestNG.runSuitesSequentially(TestNG.java:1274)
	at org.testng.TestNG.runSuitesLocally(TestNG.java:1208)
	at org.testng.TestNG.runSuites(TestNG.java:1112)
	at org.testng.TestNG.run(TestNG.java:1079)
	at org.apache.maven.surefire.testng.TestNGExecutor.run(TestNGExecutor.java:308)
	at org.apache.maven.surefire.testng.TestNGXmlTestSuite.execute(TestNGXmlTestSuite.java:71)
	at org.apache.maven.surefire.testng.TestNGProvider.invoke(TestNGProvider.java:113)
	at org.apache.maven.surefire.booter.ForkedBooter.runSuitesInProcess(ForkedBooter.java:385)
	at org.apache.maven.surefire.booter.ForkedBooter.execute(ForkedBooter.java:162)
	at org.apache.maven.surefire.booter.ForkedBooter.run(ForkedBooter.java:507)
	at org.apache.maven.surefire.booter.ForkedBooter.main(ForkedBooter.java:495)
</pre></div></td>
<td>16</td>
<td>FinalCalls.ResouceCreationAllInOneCall@4466af20</td></tr>
<tr>
<td title='FinalCalls.ResouceCreationAllInOneCall.HomeAndCreateNew()'><b>HomeAndCreateNew</b><br>Test class: FinalCalls.ResouceCreationAllInOneCall<br>Parameters: Windows VDI, Storage_Windows_Sep17, Mysuru, India, AT_Testing, Storage_Linux_Sep17 - 780GB, WINDOWS_10_PRO_MC_N, 200, none, Saved templates,  VCPUS 4 cores, RAM 4 GiB , Disk 56 Gib , 40, 60, 2-6, 2-6, 60, no, no, 2, yes, Daily, 6 days, yes, SIEM_TEST_server4 - 10.150.44.190, 10.150.44.0 - null, no, lead2=admin,lead3=user,Pradeep=user, 2, test,test10</td>
<td><div><pre>java.lang.Error: Note: This VLAN is fully utilized. Select a different VLAN or contact Admin for additional VLAN requirement.
	at resourceManagementPageObjects.CreateNewPageObjects.SelectVlan(CreateNewPageObjects.java:689)
	at resourceManagement.CreateNewPage.CreateNewPageActions(CreateNewPage.java:69)
	at FinalCalls.ResouceCreationAllInOneCall.HomeAndCreateNew(ResouceCreationAllInOneCall.java:61)
	at java.base/java.util.ArrayList.forEach(ArrayList.java:1511)
... Removed 31 stack frames</pre></div><a href='#' onClick='toggleBox("stack-trace1627618479", this, "Click to show all stack frames", "Click to hide stack frames")'>Click to show all stack frames</a>
<div class='stack-trace' id='stack-trace1627618479'><pre>java.lang.Error: Note: This VLAN is fully utilized. Select a different VLAN or contact Admin for additional VLAN requirement.
	at resourceManagementPageObjects.CreateNewPageObjects.SelectVlan(CreateNewPageObjects.java:689)
	at resourceManagement.CreateNewPage.CreateNewPageActions(CreateNewPage.java:69)
	at FinalCalls.ResouceCreationAllInOneCall.HomeAndCreateNew(ResouceCreationAllInOneCall.java:61)
	at java.base/jdk.internal.reflect.NativeMethodAccessorImpl.invoke0(Native Method)
	at java.base/jdk.internal.reflect.NativeMethodAccessorImpl.invoke(NativeMethodAccessorImpl.java:77)
	at java.base/jdk.internal.reflect.DelegatingMethodAccessorImpl.invoke(DelegatingMethodAccessorImpl.java:43)
	at java.base/java.lang.reflect.Method.invoke(Method.java:569)
	at org.testng.internal.invokers.MethodInvocationHelper.invokeMethod(MethodInvocationHelper.java:141)
	at org.testng.internal.invokers.TestInvoker.invokeMethod(TestInvoker.java:686)
	at org.testng.internal.invokers.TestInvoker.invokeTestMethod(TestInvoker.java:230)
	at org.testng.internal.invokers.MethodRunner.runInSequence(MethodRunner.java:63)
	at org.testng.internal.invokers.TestInvoker$MethodInvocationAgent.invoke(TestInvoker.java:992)
	at org.testng.internal.invokers.TestInvoker.invokeTestMethods(TestInvoker.java:203)
	at org.testng.internal.invokers.TestMethodWorker.invokeTestMethods(TestMethodWorker.java:154)
	at org.testng.internal.invokers.TestMethodWorker.run(TestMethodWorker.java:134)
	at java.base/java.util.ArrayList.forEach(ArrayList.java:1511)
	at org.testng.TestRunner.privateRun(TestRunner.java:739)
	at org.testng.TestRunner.run(TestRunner.java:614)
	at org.testng.SuiteRunner.runTest(SuiteRunner.java:421)
	at org.testng.SuiteRunner.runSequentially(SuiteRunner.java:413)
	at org.testng.SuiteRunner.privateRun(SuiteRunner.java:373)
	at org.testng.SuiteRunner.run(SuiteRunner.java:312)
	at org.testng.SuiteRunnerWorker.runSuite(SuiteRunnerWorker.java:52)
	at org.testng.SuiteRunnerWorker.run(SuiteRunnerWorker.java:95)
	at org.testng.TestNG.runSuitesSequentially(TestNG.java:1274)
	at org.testng.TestNG.runSuitesLocally(TestNG.java:1208)
	at org.testng.TestNG.runSuites(TestNG.java:1112)
	at org.testng.TestNG.run(TestNG.java:1079)
	at org.apache.maven.surefire.testng.TestNGExecutor.run(TestNGExecutor.java:308)
	at org.apache.maven.surefire.testng.TestNGXmlTestSuite.execute(TestNGXmlTestSuite.java:71)
	at org.apache.maven.surefire.testng.TestNGProvider.invoke(TestNGProvider.java:113)
	at org.apache.maven.surefire.booter.ForkedBooter.runSuitesInProcess(ForkedBooter.java:385)
	at org.apache.maven.surefire.booter.ForkedBooter.execute(ForkedBooter.java:162)
	at org.apache.maven.surefire.booter.ForkedBooter.run(ForkedBooter.java:507)
	at org.apache.maven.surefire.booter.ForkedBooter.main(ForkedBooter.java:495)
</pre></div></td>
<td>13</td>
<td>FinalCalls.ResouceCreationAllInOneCall@4466af20</td></tr>
<tr>
<td title='FinalCalls.ResouceCreationAllInOneCall.HomeAndCreateNew()'><b>HomeAndCreateNew</b><br>Test class: FinalCalls.ResouceCreationAllInOneCall<br>Parameters: Postgres DB, EC_Test_Linux_Storage_OCT_600, Mysuru, India, EC_Windows_VM, Storage_Linux_Sep17 - 780GB, Ubuntu22.04 LTS(CLI)-PostgreSQL, 4000, horizontal, custom, VCPUS 8 cores, RAM 8 GiB , Disk 50 Gib , 20, 60, 60, 4, 60, yes, yes, 1, no, Weekly, 4 weeks, yes, SIEM_TEST_server4 - 10.150.44.190, 10.150.44.0 - null, no, lead2=admin,karthik=admin,lead1=user,test1=admin, 1, TestAT1</td>
<td><div><pre>java.lang.Error: Given Value(60) Should be less than 32
	at resourceManagementPageObjects.CreateNewPageObjects.SetVcpu(CreateNewPageObjects.java:284)
	at resourceManagement.CreateNewPage.CreateNewPageActions(CreateNewPage.java:27)
	at FinalCalls.ResouceCreationAllInOneCall.HomeAndCreateNew(ResouceCreationAllInOneCall.java:61)
	at java.base/java.util.ArrayList.forEach(ArrayList.java:1511)
... Removed 31 stack frames</pre></div><a href='#' onClick='toggleBox("stack-trace356001813", this, "Click to show all stack frames", "Click to hide stack frames")'>Click to show all stack frames</a>
<div class='stack-trace' id='stack-trace356001813'><pre>java.lang.Error: Given Value(60) Should be less than 32
	at resourceManagementPageObjects.CreateNewPageObjects.SetVcpu(CreateNewPageObjects.java:284)
	at resourceManagement.CreateNewPage.CreateNewPageActions(CreateNewPage.java:27)
	at FinalCalls.ResouceCreationAllInOneCall.HomeAndCreateNew(ResouceCreationAllInOneCall.java:61)
	at java.base/jdk.internal.reflect.NativeMethodAccessorImpl.invoke0(Native Method)
	at java.base/jdk.internal.reflect.NativeMethodAccessorImpl.invoke(NativeMethodAccessorImpl.java:77)
	at java.base/jdk.internal.reflect.DelegatingMethodAccessorImpl.invoke(DelegatingMethodAccessorImpl.java:43)
	at java.base/java.lang.reflect.Method.invoke(Method.java:569)
	at org.testng.internal.invokers.MethodInvocationHelper.invokeMethod(MethodInvocationHelper.java:141)
	at org.testng.internal.invokers.TestInvoker.invokeMethod(TestInvoker.java:686)
	at org.testng.internal.invokers.TestInvoker.invokeTestMethod(TestInvoker.java:230)
	at org.testng.internal.invokers.MethodRunner.runInSequence(MethodRunner.java:63)
	at org.testng.internal.invokers.TestInvoker$MethodInvocationAgent.invoke(TestInvoker.java:992)
	at org.testng.internal.invokers.TestInvoker.invokeTestMethods(TestInvoker.java:203)
	at org.testng.internal.invokers.TestMethodWorker.invokeTestMethods(TestMethodWorker.java:154)
	at org.testng.internal.invokers.TestMethodWorker.run(TestMethodWorker.java:134)
	at java.base/java.util.ArrayList.forEach(ArrayList.java:1511)
	at org.testng.TestRunner.privateRun(TestRunner.java:739)
	at org.testng.TestRunner.run(TestRunner.java:614)
	at org.testng.SuiteRunner.runTest(SuiteRunner.java:421)
	at org.testng.SuiteRunner.runSequentially(SuiteRunner.java:413)
	at org.testng.SuiteRunner.privateRun(SuiteRunner.java:373)
	at org.testng.SuiteRunner.run(SuiteRunner.java:312)
	at org.testng.SuiteRunnerWorker.runSuite(SuiteRunnerWorker.java:52)
	at org.testng.SuiteRunnerWorker.run(SuiteRunnerWorker.java:95)
	at org.testng.TestNG.runSuitesSequentially(TestNG.java:1274)
	at org.testng.TestNG.runSuitesLocally(TestNG.java:1208)
	at org.testng.TestNG.runSuites(TestNG.java:1112)
	at org.testng.TestNG.run(TestNG.java:1079)
	at org.apache.maven.surefire.testng.TestNGExecutor.run(TestNGExecutor.java:308)
	at org.apache.maven.surefire.testng.TestNGXmlTestSuite.execute(TestNGXmlTestSuite.java:71)
	at org.apache.maven.surefire.testng.TestNGProvider.invoke(TestNGProvider.java:113)
	at org.apache.maven.surefire.booter.ForkedBooter.runSuitesInProcess(ForkedBooter.java:385)
	at org.apache.maven.surefire.booter.ForkedBooter.execute(ForkedBooter.java:162)
	at org.apache.maven.surefire.booter.ForkedBooter.run(ForkedBooter.java:507)
	at org.apache.maven.surefire.booter.ForkedBooter.main(ForkedBooter.java:495)
</pre></div></td>
<td>10</td>
<td>FinalCalls.ResouceCreationAllInOneCall@4466af20</td></tr>
<tr>
<td title='FinalCalls.ResouceCreationAllInOneCall.HomeAndCreateNew()'><b>HomeAndCreateNew</b><br>Test class: FinalCalls.ResouceCreationAllInOneCall<br>Parameters: SIEM Server, Storage_Linux_Oct14, Mysuru, India, SIEM_Project, Storage_Linux_Sep17 - 780GB, Rocky Linux 9 SIEM, 500, vertical, custom, VCPUS 8 cores, RAM 8 GiB , Disk 50 Gib , 30, 70, 6-12, 4-10, 80, no, yes, 5, yes, Monthly, 6 months, no, SIEM_TEST_server4 - 10.150.44.190, 10.150.44.0 - null, no, lead2=admin,karthik=admin,lead1=user,test1=admin, 2, TestAT,TestAT3</td>
<td><div><pre>java.lang.Error: Note: This VLAN is fully utilized. Select a different VLAN or contact Admin for additional VLAN requirement.
	at resourceManagementPageObjects.CreateNewPageObjects.SelectVlan(CreateNewPageObjects.java:689)
	at resourceManagement.CreateNewPage.CreateNewPageActions(CreateNewPage.java:51)
	at FinalCalls.ResouceCreationAllInOneCall.HomeAndCreateNew(ResouceCreationAllInOneCall.java:61)
	at java.base/java.util.ArrayList.forEach(ArrayList.java:1511)
... Removed 31 stack frames</pre></div><a href='#' onClick='toggleBox("stack-trace1155962484", this, "Click to show all stack frames", "Click to hide stack frames")'>Click to show all stack frames</a>
<div class='stack-trace' id='stack-trace1155962484'><pre>java.lang.Error: Note: This VLAN is fully utilized. Select a different VLAN or contact Admin for additional VLAN requirement.
	at resourceManagementPageObjects.CreateNewPageObjects.SelectVlan(CreateNewPageObjects.java:689)
	at resourceManagement.CreateNewPage.CreateNewPageActions(CreateNewPage.java:51)
	at FinalCalls.ResouceCreationAllInOneCall.HomeAndCreateNew(ResouceCreationAllInOneCall.java:61)
	at java.base/jdk.internal.reflect.NativeMethodAccessorImpl.invoke0(Native Method)
	at java.base/jdk.internal.reflect.NativeMethodAccessorImpl.invoke(NativeMethodAccessorImpl.java:77)
	at java.base/jdk.internal.reflect.DelegatingMethodAccessorImpl.invoke(DelegatingMethodAccessorImpl.java:43)
	at java.base/java.lang.reflect.Method.invoke(Method.java:569)
	at org.testng.internal.invokers.MethodInvocationHelper.invokeMethod(MethodInvocationHelper.java:141)
	at org.testng.internal.invokers.TestInvoker.invokeMethod(TestInvoker.java:686)
	at org.testng.internal.invokers.TestInvoker.invokeTestMethod(TestInvoker.java:230)
	at org.testng.internal.invokers.MethodRunner.runInSequence(MethodRunner.java:63)
	at org.testng.internal.invokers.TestInvoker$MethodInvocationAgent.invoke(TestInvoker.java:992)
	at org.testng.internal.invokers.TestInvoker.invokeTestMethods(TestInvoker.java:203)
	at org.testng.internal.invokers.TestMethodWorker.invokeTestMethods(TestMethodWorker.java:154)
	at org.testng.internal.invokers.TestMethodWorker.run(TestMethodWorker.java:134)
	at java.base/java.util.ArrayList.forEach(ArrayList.java:1511)
	at org.testng.TestRunner.privateRun(TestRunner.java:739)
	at org.testng.TestRunner.run(TestRunner.java:614)
	at org.testng.SuiteRunner.runTest(SuiteRunner.java:421)
	at org.testng.SuiteRunner.runSequentially(SuiteRunner.java:413)
	at org.testng.SuiteRunner.privateRun(SuiteRunner.java:373)
	at org.testng.SuiteRunner.run(SuiteRunner.java:312)
	at org.testng.SuiteRunnerWorker.runSuite(SuiteRunnerWorker.java:52)
	at org.testng.SuiteRunnerWorker.run(SuiteRunnerWorker.java:95)
	at org.testng.TestNG.runSuitesSequentially(TestNG.java:1274)
	at org.testng.TestNG.runSuitesLocally(TestNG.java:1208)
	at org.testng.TestNG.runSuites(TestNG.java:1112)
	at org.testng.TestNG.run(TestNG.java:1079)
	at org.apache.maven.surefire.testng.TestNGExecutor.run(TestNGExecutor.java:308)
	at org.apache.maven.surefire.testng.TestNGXmlTestSuite.execute(TestNGXmlTestSuite.java:71)
	at org.apache.maven.surefire.testng.TestNGProvider.invoke(TestNGProvider.java:113)
	at org.apache.maven.surefire.booter.ForkedBooter.runSuitesInProcess(ForkedBooter.java:385)
	at org.apache.maven.surefire.booter.ForkedBooter.execute(ForkedBooter.java:162)
	at org.apache.maven.surefire.booter.ForkedBooter.run(ForkedBooter.java:507)
	at org.apache.maven.surefire.booter.ForkedBooter.main(ForkedBooter.java:495)
</pre></div></td>
<td>29</td>
<td>FinalCalls.ResouceCreationAllInOneCall@4466af20</td></tr>
<tr>
<td title='FinalCalls.ResouceCreationAllInOneCall.HomeAndCreateNew()'><b>HomeAndCreateNew</b><br>Test class: FinalCalls.ResouceCreationAllInOneCall<br>Parameters: Linux VDI, Storage_Linux_Sep17, Mysuru, India, AT_Testing, Storage_Linux_Sep17 - 780GB, Rocky Linux 9.2 (GUI), 200, vertical, custom, VCPUS 8 cores, RAM 8 GiB , Disk 50 Gib , 40, 60, 2-12, 4-8, 70, no, no, 7, no, Daily, 15 days, no, SIEM_TEST_server4 - 10.150.44.190, 10.150.44.0 - null, no, lead2=admin,lead3=user,Pradeep=user, 5, TestAT</td>
<td><div><pre>java.lang.Error: Note: This VLAN is fully utilized. Select a different VLAN or contact Admin for additional VLAN requirement.
	at resourceManagementPageObjects.CreateNewPageObjects.SelectVlan(CreateNewPageObjects.java:689)
	at resourceManagement.CreateNewPage.CreateNewPageActions(CreateNewPage.java:51)
	at FinalCalls.ResouceCreationAllInOneCall.HomeAndCreateNew(ResouceCreationAllInOneCall.java:61)
	at java.base/java.util.ArrayList.forEach(ArrayList.java:1511)
... Removed 31 stack frames</pre></div><a href='#' onClick='toggleBox("stack-trace633366676", this, "Click to show all stack frames", "Click to hide stack frames")'>Click to show all stack frames</a>
<div class='stack-trace' id='stack-trace633366676'><pre>java.lang.Error: Note: This VLAN is fully utilized. Select a different VLAN or contact Admin for additional VLAN requirement.
	at resourceManagementPageObjects.CreateNewPageObjects.SelectVlan(CreateNewPageObjects.java:689)
	at resourceManagement.CreateNewPage.CreateNewPageActions(CreateNewPage.java:51)
	at FinalCalls.ResouceCreationAllInOneCall.HomeAndCreateNew(ResouceCreationAllInOneCall.java:61)
	at java.base/jdk.internal.reflect.NativeMethodAccessorImpl.invoke0(Native Method)
	at java.base/jdk.internal.reflect.NativeMethodAccessorImpl.invoke(NativeMethodAccessorImpl.java:77)
	at java.base/jdk.internal.reflect.DelegatingMethodAccessorImpl.invoke(DelegatingMethodAccessorImpl.java:43)
	at java.base/java.lang.reflect.Method.invoke(Method.java:569)
	at org.testng.internal.invokers.MethodInvocationHelper.invokeMethod(MethodInvocationHelper.java:141)
	at org.testng.internal.invokers.TestInvoker.invokeMethod(TestInvoker.java:686)
	at org.testng.internal.invokers.TestInvoker.invokeTestMethod(TestInvoker.java:230)
	at org.testng.internal.invokers.MethodRunner.runInSequence(MethodRunner.java:63)
	at org.testng.internal.invokers.TestInvoker$MethodInvocationAgent.invoke(TestInvoker.java:992)
	at org.testng.internal.invokers.TestInvoker.invokeTestMethods(TestInvoker.java:203)
	at org.testng.internal.invokers.TestMethodWorker.invokeTestMethods(TestMethodWorker.java:154)
	at org.testng.internal.invokers.TestMethodWorker.run(TestMethodWorker.java:134)
	at java.base/java.util.ArrayList.forEach(ArrayList.java:1511)
	at org.testng.TestRunner.privateRun(TestRunner.java:739)
	at org.testng.TestRunner.run(TestRunner.java:614)
	at org.testng.SuiteRunner.runTest(SuiteRunner.java:421)
	at org.testng.SuiteRunner.runSequentially(SuiteRunner.java:413)
	at org.testng.SuiteRunner.privateRun(SuiteRunner.java:373)
	at org.testng.SuiteRunner.run(SuiteRunner.java:312)
	at org.testng.SuiteRunnerWorker.runSuite(SuiteRunnerWorker.java:52)
	at org.testng.SuiteRunnerWorker.run(SuiteRunnerWorker.java:95)
	at org.testng.TestNG.runSuitesSequentially(TestNG.java:1274)
	at org.testng.TestNG.runSuitesLocally(TestNG.java:1208)
	at org.testng.TestNG.runSuites(TestNG.java:1112)
	at org.testng.TestNG.run(TestNG.java:1079)
	at org.apache.maven.surefire.testng.TestNGExecutor.run(TestNGExecutor.java:308)
	at org.apache.maven.surefire.testng.TestNGXmlTestSuite.execute(TestNGXmlTestSuite.java:71)
	at org.apache.maven.surefire.testng.TestNGProvider.invoke(TestNGProvider.java:113)
	at org.apache.maven.surefire.booter.ForkedBooter.runSuitesInProcess(ForkedBooter.java:385)
	at org.apache.maven.surefire.booter.ForkedBooter.execute(ForkedBooter.java:162)
	at org.apache.maven.surefire.booter.ForkedBooter.run(ForkedBooter.java:507)
	at org.apache.maven.surefire.booter.ForkedBooter.main(ForkedBooter.java:495)
</pre></div></td>
<td>25</td>
<td>FinalCalls.ResouceCreationAllInOneCall@4466af20</td></tr>
<tr>
<td title='FinalCalls.ResouceCreationAllInOneCall.HomeAndCreateNew()'><b>HomeAndCreateNew</b><br>Test class: FinalCalls.ResouceCreationAllInOneCall<br>Parameters: Linux CLI, Storage_Linux_Sep17, Mysuru, India, AT_Testing, Storage_Linux_Sep17 - 780GB, Ubuntu 22.04 LTS (CLI), 200, horizontal, custom, VCPUS 8 cores, RAM 8 GiB , Disk 50 Gib , 40, 60, 8, 10, 40, yes, yes, 2, yes, Daily, 12 days, no, SIEM_TEST_server4 - 10.150.44.190, 10.150.44.0 - null, no, lead2=admin,lead3=user,Pradeep=user, 1, test10</td>
<td><div><pre>java.lang.Error: Note: This VLAN is fully utilized. Select a different VLAN or contact Admin for additional VLAN requirement.
	at resourceManagementPageObjects.CreateNewPageObjects.SelectVlan(CreateNewPageObjects.java:689)
	at resourceManagement.CreateNewPage.CreateNewPageActions(CreateNewPage.java:37)
	at FinalCalls.ResouceCreationAllInOneCall.HomeAndCreateNew(ResouceCreationAllInOneCall.java:61)
	at java.base/java.util.ArrayList.forEach(ArrayList.java:1511)
... Removed 31 stack frames</pre></div><a href='#' onClick='toggleBox("stack-trace653395108", this, "Click to show all stack frames", "Click to hide stack frames")'>Click to show all stack frames</a>
<div class='stack-trace' id='stack-trace653395108'><pre>java.lang.Error: Note: This VLAN is fully utilized. Select a different VLAN or contact Admin for additional VLAN requirement.
	at resourceManagementPageObjects.CreateNewPageObjects.SelectVlan(CreateNewPageObjects.java:689)
	at resourceManagement.CreateNewPage.CreateNewPageActions(CreateNewPage.java:37)
	at FinalCalls.ResouceCreationAllInOneCall.HomeAndCreateNew(ResouceCreationAllInOneCall.java:61)
	at java.base/jdk.internal.reflect.NativeMethodAccessorImpl.invoke0(Native Method)
	at java.base/jdk.internal.reflect.NativeMethodAccessorImpl.invoke(NativeMethodAccessorImpl.java:77)
	at java.base/jdk.internal.reflect.DelegatingMethodAccessorImpl.invoke(DelegatingMethodAccessorImpl.java:43)
	at java.base/java.lang.reflect.Method.invoke(Method.java:569)
	at org.testng.internal.invokers.MethodInvocationHelper.invokeMethod(MethodInvocationHelper.java:141)
	at org.testng.internal.invokers.TestInvoker.invokeMethod(TestInvoker.java:686)
	at org.testng.internal.invokers.TestInvoker.invokeTestMethod(TestInvoker.java:230)
	at org.testng.internal.invokers.MethodRunner.runInSequence(MethodRunner.java:63)
	at org.testng.internal.invokers.TestInvoker$MethodInvocationAgent.invoke(TestInvoker.java:992)
	at org.testng.internal.invokers.TestInvoker.invokeTestMethods(TestInvoker.java:203)
	at org.testng.internal.invokers.TestMethodWorker.invokeTestMethods(TestMethodWorker.java:154)
	at org.testng.internal.invokers.TestMethodWorker.run(TestMethodWorker.java:134)
	at java.base/java.util.ArrayList.forEach(ArrayList.java:1511)
	at org.testng.TestRunner.privateRun(TestRunner.java:739)
	at org.testng.TestRunner.run(TestRunner.java:614)
	at org.testng.SuiteRunner.runTest(SuiteRunner.java:421)
	at org.testng.SuiteRunner.runSequentially(SuiteRunner.java:413)
	at org.testng.SuiteRunner.privateRun(SuiteRunner.java:373)
	at org.testng.SuiteRunner.run(SuiteRunner.java:312)
	at org.testng.SuiteRunnerWorker.runSuite(SuiteRunnerWorker.java:52)
	at org.testng.SuiteRunnerWorker.run(SuiteRunnerWorker.java:95)
	at org.testng.TestNG.runSuitesSequentially(TestNG.java:1274)
	at org.testng.TestNG.runSuitesLocally(TestNG.java:1208)
	at org.testng.TestNG.runSuites(TestNG.java:1112)
	at org.testng.TestNG.run(TestNG.java:1079)
	at org.apache.maven.surefire.testng.TestNGExecutor.run(TestNGExecutor.java:308)
	at org.apache.maven.surefire.testng.TestNGXmlTestSuite.execute(TestNGXmlTestSuite.java:71)
	at org.apache.maven.surefire.testng.TestNGProvider.invoke(TestNGProvider.java:113)
	at org.apache.maven.surefire.booter.ForkedBooter.runSuitesInProcess(ForkedBooter.java:385)
	at org.apache.maven.surefire.booter.ForkedBooter.execute(ForkedBooter.java:162)
	at org.apache.maven.surefire.booter.ForkedBooter.run(ForkedBooter.java:507)
	at org.apache.maven.surefire.booter.ForkedBooter.main(ForkedBooter.java:495)
</pre></div></td>
<td>17</td>
<td>FinalCalls.ResouceCreationAllInOneCall@4466af20</td></tr>
<tr>
<td title='FinalCalls.ResouceCreationAllInOneCall.HomeAndCreateNew()'><b>HomeAndCreateNew</b><br>Test class: FinalCalls.ResouceCreationAllInOneCall<br>Parameters: Web-Wordpress, Storage_Linux_Sep17, Mysuru, India, Default_Projects, Storage_Linux_Sep17 - 780GB, Ubuntu 22.04 LTS (CLI) - WordPress, 3000, horizontal, custom, VCPUS 8 cores, RAM 8 GiB , Disk 50 Gib , 20, 60, 4, 6, 50, yes, yes, 2, yes, Monthly, 12 months, yes, SIEM_TEST_server4 - 10.150.44.190, 10.1.2.0 - , no, lead2=admin,karthik=admin,lead1=user,test1=admin, 1, TestAT6</td>
<td><div><pre>java.lang.Error: Given VM Name TestAT6 is Already Taken
	at resourceManagementPageObjects.CreateNewPageObjects.GiveVMName(CreateNewPageObjects.java:709)
	at resourceManagement.CreateNewPage.CreateNewPageActions(CreateNewPage.java:38)
	at FinalCalls.ResouceCreationAllInOneCall.HomeAndCreateNew(ResouceCreationAllInOneCall.java:61)
	at java.base/java.util.ArrayList.forEach(ArrayList.java:1511)
... Removed 31 stack frames</pre></div><a href='#' onClick='toggleBox("stack-trace1060377954", this, "Click to show all stack frames", "Click to hide stack frames")'>Click to show all stack frames</a>
<div class='stack-trace' id='stack-trace1060377954'><pre>java.lang.Error: Given VM Name TestAT6 is Already Taken
	at resourceManagementPageObjects.CreateNewPageObjects.GiveVMName(CreateNewPageObjects.java:709)
	at resourceManagement.CreateNewPage.CreateNewPageActions(CreateNewPage.java:38)
	at FinalCalls.ResouceCreationAllInOneCall.HomeAndCreateNew(ResouceCreationAllInOneCall.java:61)
	at java.base/jdk.internal.reflect.NativeMethodAccessorImpl.invoke0(Native Method)
	at java.base/jdk.internal.reflect.NativeMethodAccessorImpl.invoke(NativeMethodAccessorImpl.java:77)
	at java.base/jdk.internal.reflect.DelegatingMethodAccessorImpl.invoke(DelegatingMethodAccessorImpl.java:43)
	at java.base/java.lang.reflect.Method.invoke(Method.java:569)
	at org.testng.internal.invokers.MethodInvocationHelper.invokeMethod(MethodInvocationHelper.java:141)
	at org.testng.internal.invokers.TestInvoker.invokeMethod(TestInvoker.java:686)
	at org.testng.internal.invokers.TestInvoker.invokeTestMethod(TestInvoker.java:230)
	at org.testng.internal.invokers.MethodRunner.runInSequence(MethodRunner.java:63)
	at org.testng.internal.invokers.TestInvoker$MethodInvocationAgent.invoke(TestInvoker.java:992)
	at org.testng.internal.invokers.TestInvoker.invokeTestMethods(TestInvoker.java:203)
	at org.testng.internal.invokers.TestMethodWorker.invokeTestMethods(TestMethodWorker.java:154)
	at org.testng.internal.invokers.TestMethodWorker.run(TestMethodWorker.java:134)
	at java.base/java.util.ArrayList.forEach(ArrayList.java:1511)
	at org.testng.TestRunner.privateRun(TestRunner.java:739)
	at org.testng.TestRunner.run(TestRunner.java:614)
	at org.testng.SuiteRunner.runTest(SuiteRunner.java:421)
	at org.testng.SuiteRunner.runSequentially(SuiteRunner.java:413)
	at org.testng.SuiteRunner.privateRun(SuiteRunner.java:373)
	at org.testng.SuiteRunner.run(SuiteRunner.java:312)
	at org.testng.SuiteRunnerWorker.runSuite(SuiteRunnerWorker.java:52)
	at org.testng.SuiteRunnerWorker.run(SuiteRunnerWorker.java:95)
	at org.testng.TestNG.runSuitesSequentially(TestNG.java:1274)
	at org.testng.TestNG.runSuitesLocally(TestNG.java:1208)
	at org.testng.TestNG.runSuites(TestNG.java:1112)
	at org.testng.TestNG.run(TestNG.java:1079)
	at org.apache.maven.surefire.testng.TestNGExecutor.run(TestNGExecutor.java:308)
	at org.apache.maven.surefire.testng.TestNGXmlTestSuite.execute(TestNGXmlTestSuite.java:71)
	at org.apache.maven.surefire.testng.TestNGProvider.invoke(TestNGProvider.java:113)
	at org.apache.maven.surefire.booter.ForkedBooter.runSuitesInProcess(ForkedBooter.java:385)
	at org.apache.maven.surefire.booter.ForkedBooter.execute(ForkedBooter.java:162)
	at org.apache.maven.surefire.booter.ForkedBooter.run(ForkedBooter.java:507)
	at org.apache.maven.surefire.booter.ForkedBooter.main(ForkedBooter.java:495)
</pre></div></td>
<td>31</td>
<td>FinalCalls.ResouceCreationAllInOneCall@4466af20</td></tr>
<tr>
<td title='FinalCalls.ResouceCreationAllInOneCall.HomeAndCreateNew()'><b>HomeAndCreateNew</b><br>Test class: FinalCalls.ResouceCreationAllInOneCall<br>Parameters: SFTP Server, Storage_Linux_Oct14, Mysuru, India, SIEM_Project, Storage_Linux_Sep17 - 780GB, Ubuntu22.04 LTS(CLI)-PostgreSQL, 4000, horizontal, custom, VCPUS 8 cores, RAM 8 GiB , Disk 50 Gib , 20, 60, 60, 4, 60, yes, yes, 1, no, Weekly, 8 weeks, yes, SIEM_TEST_server4 - 10.150.44.190, 10.150.44.0 - null, no, lead2=admin,karthik=admin,lead1=user,test1=admin, 1, TestAT1</td>
<td><div><pre>org.openqa.selenium.NoSuchElementException: Cannot locate option with text: Ubuntu22.04 LTS(CLI)-PostgreSQL
For documentation on this error, please visit: https://www.selenium.dev/documentation/webdriver/troubleshooting/errors#no-such-element-exception
Build info: version: &apos;4.23.1&apos;, revision: &apos;656257d8e9&apos;
System info: os.name: &apos;Windows 10&apos;, os.arch: &apos;amd64&apos;, os.version: &apos;10.0&apos;, java.version: &apos;17.0.12&apos;
Driver info: driver.version: unknown
	at org.openqa.selenium.support.ui.Select.selectByVisibleText(Select.java:153)
	at resourceManagementPageObjects.CreateNewPageObjects.SelectOS(CreateNewPageObjects.java:213)
	at resourceManagement.CreateNewPage.CreateNewPageActions(CreateNewPage.java:21)
	at FinalCalls.ResouceCreationAllInOneCall.HomeAndCreateNew(ResouceCreationAllInOneCall.java:61)
	at java.base/java.util.ArrayList.forEach(ArrayList.java:1511)
... Removed 31 stack frames</pre></div><a href='#' onClick='toggleBox("stack-trace1267198524", this, "Click to show all stack frames", "Click to hide stack frames")'>Click to show all stack frames</a>
<div class='stack-trace' id='stack-trace1267198524'><pre>org.openqa.selenium.NoSuchElementException: Cannot locate option with text: Ubuntu22.04 LTS(CLI)-PostgreSQL
For documentation on this error, please visit: https://www.selenium.dev/documentation/webdriver/troubleshooting/errors#no-such-element-exception
Build info: version: &apos;4.23.1&apos;, revision: &apos;656257d8e9&apos;
System info: os.name: &apos;Windows 10&apos;, os.arch: &apos;amd64&apos;, os.version: &apos;10.0&apos;, java.version: &apos;17.0.12&apos;
Driver info: driver.version: unknown
	at org.openqa.selenium.support.ui.Select.selectByVisibleText(Select.java:153)
	at resourceManagementPageObjects.CreateNewPageObjects.SelectOS(CreateNewPageObjects.java:213)
	at resourceManagement.CreateNewPage.CreateNewPageActions(CreateNewPage.java:21)
	at FinalCalls.ResouceCreationAllInOneCall.HomeAndCreateNew(ResouceCreationAllInOneCall.java:61)
	at java.base/jdk.internal.reflect.NativeMethodAccessorImpl.invoke0(Native Method)
	at java.base/jdk.internal.reflect.NativeMethodAccessorImpl.invoke(NativeMethodAccessorImpl.java:77)
	at java.base/jdk.internal.reflect.DelegatingMethodAccessorImpl.invoke(DelegatingMethodAccessorImpl.java:43)
	at java.base/java.lang.reflect.Method.invoke(Method.java:569)
	at org.testng.internal.invokers.MethodInvocationHelper.invokeMethod(MethodInvocationHelper.java:141)
	at org.testng.internal.invokers.TestInvoker.invokeMethod(TestInvoker.java:686)
	at org.testng.internal.invokers.TestInvoker.invokeTestMethod(TestInvoker.java:230)
	at org.testng.internal.invokers.MethodRunner.runInSequence(MethodRunner.java:63)
	at org.testng.internal.invokers.TestInvoker$MethodInvocationAgent.invoke(TestInvoker.java:992)
	at org.testng.internal.invokers.TestInvoker.invokeTestMethods(TestInvoker.java:203)
	at org.testng.internal.invokers.TestMethodWorker.invokeTestMethods(TestMethodWorker.java:154)
	at org.testng.internal.invokers.TestMethodWorker.run(TestMethodWorker.java:134)
	at java.base/java.util.ArrayList.forEach(ArrayList.java:1511)
	at org.testng.TestRunner.privateRun(TestRunner.java:739)
	at org.testng.TestRunner.run(TestRunner.java:614)
	at org.testng.SuiteRunner.runTest(SuiteRunner.java:421)
	at org.testng.SuiteRunner.runSequentially(SuiteRunner.java:413)
	at org.testng.SuiteRunner.privateRun(SuiteRunner.java:373)
	at org.testng.SuiteRunner.run(SuiteRunner.java:312)
	at org.testng.SuiteRunnerWorker.runSuite(SuiteRunnerWorker.java:52)
	at org.testng.SuiteRunnerWorker.run(SuiteRunnerWorker.java:95)
	at org.testng.TestNG.runSuitesSequentially(TestNG.java:1274)
	at org.testng.TestNG.runSuitesLocally(TestNG.java:1208)
	at org.testng.TestNG.runSuites(TestNG.java:1112)
	at org.testng.TestNG.run(TestNG.java:1079)
	at org.apache.maven.surefire.testng.TestNGExecutor.run(TestNGExecutor.java:308)
	at org.apache.maven.surefire.testng.TestNGXmlTestSuite.execute(TestNGXmlTestSuite.java:71)
	at org.apache.maven.surefire.testng.TestNGProvider.invoke(TestNGProvider.java:113)
	at org.apache.maven.surefire.booter.ForkedBooter.runSuitesInProcess(ForkedBooter.java:385)
	at org.apache.maven.surefire.booter.ForkedBooter.execute(ForkedBooter.java:162)
	at org.apache.maven.surefire.booter.ForkedBooter.run(ForkedBooter.java:507)
	at org.apache.maven.surefire.booter.ForkedBooter.main(ForkedBooter.java:495)
</pre></div></td>
<td>11</td>
<td>FinalCalls.ResouceCreationAllInOneCall@4466af20</td></tr>
<tr>
<td title='FinalCalls.ResouceCreationAllInOneCall.HomeAndCreateNew()'><b>HomeAndCreateNew</b><br>Test class: FinalCalls.ResouceCreationAllInOneCall<br>Parameters: Jupyter Notebook, Storage_Linux_Sep17, Mysuru, India, AT_Testing, Storage_Linux_Sep17 - 780GB, Jupyter Notebook, 200, horizontal, custom, VCPUS 8 cores, RAM 8 GiB , Disk 50 Gib , 40, 60, 8, 10, 40, yes, yes, 5, yes, Weekly, 6 weeks, no, SIEM_TEST_server4 - 10.150.44.190, 10.150.44.0 - null, no, karthik=user, 1, test</td>
<td><div><pre>org.apache.commons.math3.exception.MaxCountExceededException: illegal state: maximal count (3) exceeded
	at resourceManagementPageObjects.CreateNewPageObjects.SetMaxGroupCount(CreateNewPageObjects.java:631)
	at resourceManagement.CreateNewPage.CreateNewPageActions(CreateNewPage.java:32)
	at FinalCalls.ResouceCreationAllInOneCall.HomeAndCreateNew(ResouceCreationAllInOneCall.java:61)
	at java.base/java.util.ArrayList.forEach(ArrayList.java:1511)
... Removed 31 stack frames</pre></div><a href='#' onClick='toggleBox("stack-trace638743982", this, "Click to show all stack frames", "Click to hide stack frames")'>Click to show all stack frames</a>
<div class='stack-trace' id='stack-trace638743982'><pre>org.apache.commons.math3.exception.MaxCountExceededException: illegal state: maximal count (3) exceeded
	at resourceManagementPageObjects.CreateNewPageObjects.SetMaxGroupCount(CreateNewPageObjects.java:631)
	at resourceManagement.CreateNewPage.CreateNewPageActions(CreateNewPage.java:32)
	at FinalCalls.ResouceCreationAllInOneCall.HomeAndCreateNew(ResouceCreationAllInOneCall.java:61)
	at java.base/jdk.internal.reflect.NativeMethodAccessorImpl.invoke0(Native Method)
	at java.base/jdk.internal.reflect.NativeMethodAccessorImpl.invoke(NativeMethodAccessorImpl.java:77)
	at java.base/jdk.internal.reflect.DelegatingMethodAccessorImpl.invoke(DelegatingMethodAccessorImpl.java:43)
	at java.base/java.lang.reflect.Method.invoke(Method.java:569)
	at org.testng.internal.invokers.MethodInvocationHelper.invokeMethod(MethodInvocationHelper.java:141)
	at org.testng.internal.invokers.TestInvoker.invokeMethod(TestInvoker.java:686)
	at org.testng.internal.invokers.TestInvoker.invokeTestMethod(TestInvoker.java:230)
	at org.testng.internal.invokers.MethodRunner.runInSequence(MethodRunner.java:63)
	at org.testng.internal.invokers.TestInvoker$MethodInvocationAgent.invoke(TestInvoker.java:992)
	at org.testng.internal.invokers.TestInvoker.invokeTestMethods(TestInvoker.java:203)
	at org.testng.internal.invokers.TestMethodWorker.invokeTestMethods(TestMethodWorker.java:154)
	at org.testng.internal.invokers.TestMethodWorker.run(TestMethodWorker.java:134)
	at java.base/java.util.ArrayList.forEach(ArrayList.java:1511)
	at org.testng.TestRunner.privateRun(TestRunner.java:739)
	at org.testng.TestRunner.run(TestRunner.java:614)
	at org.testng.SuiteRunner.runTest(SuiteRunner.java:421)
	at org.testng.SuiteRunner.runSequentially(SuiteRunner.java:413)
	at org.testng.SuiteRunner.privateRun(SuiteRunner.java:373)
	at org.testng.SuiteRunner.run(SuiteRunner.java:312)
	at org.testng.SuiteRunnerWorker.runSuite(SuiteRunnerWorker.java:52)
	at org.testng.SuiteRunnerWorker.run(SuiteRunnerWorker.java:95)
	at org.testng.TestNG.runSuitesSequentially(TestNG.java:1274)
	at org.testng.TestNG.runSuitesLocally(TestNG.java:1208)
	at org.testng.TestNG.runSuites(TestNG.java:1112)
	at org.testng.TestNG.run(TestNG.java:1079)
	at org.apache.maven.surefire.testng.TestNGExecutor.run(TestNGExecutor.java:308)
	at org.apache.maven.surefire.testng.TestNGXmlTestSuite.execute(TestNGXmlTestSuite.java:71)
	at org.apache.maven.surefire.testng.TestNGProvider.invoke(TestNGProvider.java:113)
	at org.apache.maven.surefire.booter.ForkedBooter.runSuitesInProcess(ForkedBooter.java:385)
	at org.apache.maven.surefire.booter.ForkedBooter.execute(ForkedBooter.java:162)
	at org.apache.maven.surefire.booter.ForkedBooter.run(ForkedBooter.java:507)
	at org.apache.maven.surefire.booter.ForkedBooter.main(ForkedBooter.java:495)
</pre></div></td>
<td>16</td>
<td>FinalCalls.ResouceCreationAllInOneCall@4466af20</td></tr>
<tr>
<td title='FinalCalls.ResouceCreationAllInOneCall.HomeAndCreateNew()'><b>HomeAndCreateNew</b><br>Test class: FinalCalls.ResouceCreationAllInOneCall<br>Parameters: Web-LAMP, Storage_Linux_Oct14, Mysuru, India, EC_Ubuntu_VM, Storage_Linux_Sep17 - 780GB, Ubuntu 22.04 LTS (CLI) - LAMP(Linux + Apache + MySQL + PHP), 1000, none, custom, VCPUS 8 cores, RAM 8 GiB , Disk 50 Gib , 30, 70, 8, 4, 30, no, yes, 5, yes, Monthly, 3 month, yes, SIEM_TEST_server4 - 10.150.44.190, 10.150.36.0 - teshtshweta, no, lead2=admin,karthik=admin,lead1=user,test1=admin, 2, TestAT,TestAT3</td>
<td><div><pre>java.lang.Error: Note: This VLAN is fully utilized. Select a different VLAN or contact Admin for additional VLAN requirement.
	at resourceManagementPageObjects.CreateNewPageObjects.SelectVlan(CreateNewPageObjects.java:689)
	at resourceManagement.CreateNewPage.CreateNewPageActions(CreateNewPage.java:69)
	at FinalCalls.ResouceCreationAllInOneCall.HomeAndCreateNew(ResouceCreationAllInOneCall.java:61)
	at java.base/java.util.ArrayList.forEach(ArrayList.java:1511)
... Removed 31 stack frames</pre></div><a href='#' onClick='toggleBox("stack-trace56672863", this, "Click to show all stack frames", "Click to hide stack frames")'>Click to show all stack frames</a>
<div class='stack-trace' id='stack-trace56672863'><pre>java.lang.Error: Note: This VLAN is fully utilized. Select a different VLAN or contact Admin for additional VLAN requirement.
	at resourceManagementPageObjects.CreateNewPageObjects.SelectVlan(CreateNewPageObjects.java:689)
	at resourceManagement.CreateNewPage.CreateNewPageActions(CreateNewPage.java:69)
	at FinalCalls.ResouceCreationAllInOneCall.HomeAndCreateNew(ResouceCreationAllInOneCall.java:61)
	at java.base/jdk.internal.reflect.NativeMethodAccessorImpl.invoke0(Native Method)
	at java.base/jdk.internal.reflect.NativeMethodAccessorImpl.invoke(NativeMethodAccessorImpl.java:77)
	at java.base/jdk.internal.reflect.DelegatingMethodAccessorImpl.invoke(DelegatingMethodAccessorImpl.java:43)
	at java.base/java.lang.reflect.Method.invoke(Method.java:569)
	at org.testng.internal.invokers.MethodInvocationHelper.invokeMethod(MethodInvocationHelper.java:141)
	at org.testng.internal.invokers.TestInvoker.invokeMethod(TestInvoker.java:686)
	at org.testng.internal.invokers.TestInvoker.invokeTestMethod(TestInvoker.java:230)
	at org.testng.internal.invokers.MethodRunner.runInSequence(MethodRunner.java:63)
	at org.testng.internal.invokers.TestInvoker$MethodInvocationAgent.invoke(TestInvoker.java:992)
	at org.testng.internal.invokers.TestInvoker.invokeTestMethods(TestInvoker.java:203)
	at org.testng.internal.invokers.TestMethodWorker.invokeTestMethods(TestMethodWorker.java:154)
	at org.testng.internal.invokers.TestMethodWorker.run(TestMethodWorker.java:134)
	at java.base/java.util.ArrayList.forEach(ArrayList.java:1511)
	at org.testng.TestRunner.privateRun(TestRunner.java:739)
	at org.testng.TestRunner.run(TestRunner.java:614)
	at org.testng.SuiteRunner.runTest(SuiteRunner.java:421)
	at org.testng.SuiteRunner.runSequentially(SuiteRunner.java:413)
	at org.testng.SuiteRunner.privateRun(SuiteRunner.java:373)
	at org.testng.SuiteRunner.run(SuiteRunner.java:312)
	at org.testng.SuiteRunnerWorker.runSuite(SuiteRunnerWorker.java:52)
	at org.testng.SuiteRunnerWorker.run(SuiteRunnerWorker.java:95)
	at org.testng.TestNG.runSuitesSequentially(TestNG.java:1274)
	at org.testng.TestNG.runSuitesLocally(TestNG.java:1208)
	at org.testng.TestNG.runSuites(TestNG.java:1112)
	at org.testng.TestNG.run(TestNG.java:1079)
	at org.apache.maven.surefire.testng.TestNGExecutor.run(TestNGExecutor.java:308)
	at org.apache.maven.surefire.testng.TestNGXmlTestSuite.execute(TestNGXmlTestSuite.java:71)
	at org.apache.maven.surefire.testng.TestNGProvider.invoke(TestNGProvider.java:113)
	at org.apache.maven.surefire.booter.ForkedBooter.runSuitesInProcess(ForkedBooter.java:385)
	at org.apache.maven.surefire.booter.ForkedBooter.execute(ForkedBooter.java:162)
	at org.apache.maven.surefire.booter.ForkedBooter.run(ForkedBooter.java:507)
	at org.apache.maven.surefire.booter.ForkedBooter.main(ForkedBooter.java:495)
</pre></div></td>
<td>16</td>
<td>FinalCalls.ResouceCreationAllInOneCall@4466af20</td></tr>
<tr>
<td title='FinalCalls.ResouceCreationAllInOneCall.HomeAndCreateNew()'><b>HomeAndCreateNew</b><br>Test class: FinalCalls.ResouceCreationAllInOneCall<br>Parameters: Web-LAPP, OCT_14_Linux_Storage, Mysuru, India, EC_Ubuntu_VM, Storage_Linux_Sep17 - 780GB, Ubuntu 22.04 LTS (CLI) - LAPP(Linux + Apache + Postgres + PHP), 2000, none, custom, VCPUS 8 cores, RAM 8 GiB , Disk 50 Gib , 30, 70, 2, 2, 30, yes, yes, 3, no, Monthly, 3 month, yes, SIEM_TEST_server4 - 10.150.44.190, 10.150.44.0 - null, no, lead2=admin,karthik=admin,lead1=user,test1=admin, 3, TestAT5,TestAT,TestAT3</td>
<td><div><pre>java.lang.Error: Note: This VLAN is fully utilized. Select a different VLAN or contact Admin for additional VLAN requirement.
	at resourceManagementPageObjects.CreateNewPageObjects.SelectVlan(CreateNewPageObjects.java:689)
	at resourceManagement.CreateNewPage.CreateNewPageActions(CreateNewPage.java:69)
	at FinalCalls.ResouceCreationAllInOneCall.HomeAndCreateNew(ResouceCreationAllInOneCall.java:61)
	at java.base/java.util.ArrayList.forEach(ArrayList.java:1511)
... Removed 31 stack frames</pre></div><a href='#' onClick='toggleBox("stack-trace391474186", this, "Click to show all stack frames", "Click to hide stack frames")'>Click to show all stack frames</a>
<div class='stack-trace' id='stack-trace391474186'><pre>java.lang.Error: Note: This VLAN is fully utilized. Select a different VLAN or contact Admin for additional VLAN requirement.
	at resourceManagementPageObjects.CreateNewPageObjects.SelectVlan(CreateNewPageObjects.java:689)
	at resourceManagement.CreateNewPage.CreateNewPageActions(CreateNewPage.java:69)
	at FinalCalls.ResouceCreationAllInOneCall.HomeAndCreateNew(ResouceCreationAllInOneCall.java:61)
	at java.base/jdk.internal.reflect.NativeMethodAccessorImpl.invoke0(Native Method)
	at java.base/jdk.internal.reflect.NativeMethodAccessorImpl.invoke(NativeMethodAccessorImpl.java:77)
	at java.base/jdk.internal.reflect.DelegatingMethodAccessorImpl.invoke(DelegatingMethodAccessorImpl.java:43)
	at java.base/java.lang.reflect.Method.invoke(Method.java:569)
	at org.testng.internal.invokers.MethodInvocationHelper.invokeMethod(MethodInvocationHelper.java:141)
	at org.testng.internal.invokers.TestInvoker.invokeMethod(TestInvoker.java:686)
	at org.testng.internal.invokers.TestInvoker.invokeTestMethod(TestInvoker.java:230)
	at org.testng.internal.invokers.MethodRunner.runInSequence(MethodRunner.java:63)
	at org.testng.internal.invokers.TestInvoker$MethodInvocationAgent.invoke(TestInvoker.java:992)
	at org.testng.internal.invokers.TestInvoker.invokeTestMethods(TestInvoker.java:203)
	at org.testng.internal.invokers.TestMethodWorker.invokeTestMethods(TestMethodWorker.java:154)
	at org.testng.internal.invokers.TestMethodWorker.run(TestMethodWorker.java:134)
	at java.base/java.util.ArrayList.forEach(ArrayList.java:1511)
	at org.testng.TestRunner.privateRun(TestRunner.java:739)
	at org.testng.TestRunner.run(TestRunner.java:614)
	at org.testng.SuiteRunner.runTest(SuiteRunner.java:421)
	at org.testng.SuiteRunner.runSequentially(SuiteRunner.java:413)
	at org.testng.SuiteRunner.privateRun(SuiteRunner.java:373)
	at org.testng.SuiteRunner.run(SuiteRunner.java:312)
	at org.testng.SuiteRunnerWorker.runSuite(SuiteRunnerWorker.java:52)
	at org.testng.SuiteRunnerWorker.run(SuiteRunnerWorker.java:95)
	at org.testng.TestNG.runSuitesSequentially(TestNG.java:1274)
	at org.testng.TestNG.runSuitesLocally(TestNG.java:1208)
	at org.testng.TestNG.runSuites(TestNG.java:1112)
	at org.testng.TestNG.run(TestNG.java:1079)
	at org.apache.maven.surefire.testng.TestNGExecutor.run(TestNGExecutor.java:308)
	at org.apache.maven.surefire.testng.TestNGXmlTestSuite.execute(TestNGXmlTestSuite.java:71)
	at org.apache.maven.surefire.testng.TestNGProvider.invoke(TestNGProvider.java:113)
	at org.apache.maven.surefire.booter.ForkedBooter.runSuitesInProcess(ForkedBooter.java:385)
	at org.apache.maven.surefire.booter.ForkedBooter.execute(ForkedBooter.java:162)
	at org.apache.maven.surefire.booter.ForkedBooter.run(ForkedBooter.java:507)
	at org.apache.maven.surefire.booter.ForkedBooter.main(ForkedBooter.java:495)
</pre></div></td>
<td>10</td>
<td>FinalCalls.ResouceCreationAllInOneCall@4466af20</td></tr>
</table><p>
<table width='100%' border='1' class='invocation-passed'>
<tr><td colspan='4' align='center'><b>PASSED TESTS</b></td></tr>
<tr><td><b>Test method</b></td>
<td><b>Attribute(s)</b></td>
<td width="30%"><b>Exception</b></td>
<td width="10%"><b>Time (seconds)</b></td>
<td><b>Instance</b></td>
</tr>
<tr>
<td title='FinalCalls.ResouceCreationAllInOneCall.LoginPage()'><b>LoginPage</b><br>Test class: FinalCalls.ResouceCreationAllInOneCall<br>Parameters: All</td>
<td></td>
<td>7</td>
<td>FinalCalls.ResouceCreationAllInOneCall@4466af20</td></tr>
</table><p>
</body>
</html>